<?xml version="1.0" encoding="UTF-8"?>
<!-- Generated by org.testng.reporters.JUnitXMLReporter -->
<testsuite ignored="0" hostname="LIN-5CD5329NVS" failures="1" tests="1" name="Test2" time="11.721" errors="0" timestamp="2025-10-17T16:00:34 IST">
  <testcase classname="October_17.App" name="launchUrl" time="3.487">
    <failure type="java.lang.AssertionError" message="expected [goggle.com] but found [https://demo.guru99.com/test/newtours/]">
      <![CDATA[java.lang.AssertionError: expected [goggle.com] but found [https://demo.guru99.com/test/newtours/]
at October_17.App.launchUrl(App.java:31)
at java.base/java.util.ArrayList.forEach(ArrayList.java:1596)
at java.base/java.util.concurrent.FutureTask.run(FutureTask.java:317)
at java.base/java.util.concurrent.ThreadPoolExecutor.runWorker(ThreadPoolExecutor.java:1144)
at java.base/java.util.concurrent.ThreadPoolExecutor$Worker.run(ThreadPoolExecutor.java:642)
at java.base/java.lang.Thread.run(Thread.java:1583)
... Removed 21 stack frames]]>
    </failure>
  </testcase> <!-- launchUrl -->
</testsuite> <!-- Test2 -->
